<?xml version="1.0" encoding="UTF-8"?>
<testng-results ignored="0" total="1" passed="1" failed="0" skipped="0">
  <reporter-output>
  </reporter-output>
  <suite started-at="2025-09-04T16:50:16 IST" name="Default suite" finished-at="2025-09-04T16:51:25 IST" duration-ms="69025">
    <groups>
      <group name="cucumber">
        <method signature="AbstractTestNGCucumberTests.runScenario(io.cucumber.testng.PickleWrapper,io.cucumber.testng.FeatureWrapper)[pri:0, instance:com.TimeAndFees.RunnerFiles.TimeAndFees_Login_Runner@f79e]" name="runScenario" class="io.cucumber.testng.AbstractTestNGCucumberTests"/>
      </group> <!-- cucumber -->
    </groups>
    <test started-at="2025-09-04T16:50:16 IST" name="Default test" finished-at="2025-09-04T16:51:25 IST" duration-ms="69025">
      <class name="com.TimeAndFees.RunnerFiles.TimeAndFees_Login_Runner">
        <test-method is-config="true" signature="setUpClass(org.testng.ITestContext)[pri:0, instance:com.TimeAndFees.RunnerFiles.TimeAndFees_Login_Runner@f79e]" started-at="2025-09-04T16:50:16 IST" name="setUpClass" finished-at="2025-09-04T16:50:19 IST" duration-ms="2831" status="PASS">
          <params>
            <param index="0">
              <value>
                <![CDATA[org.testng.TestRunner@230232b0]]>
              </value>
            </param>
          </params>
          <reporter-output>
          </reporter-output>
        </test-method> <!-- setUpClass -->
        <test-method signature="runScenario(io.cucumber.testng.PickleWrapper,io.cucumber.testng.FeatureWrapper)[pri:0, instance:com.TimeAndFees.RunnerFiles.TimeAndFees_Login_Runner@f79e]" started-at="2025-09-04T16:50:19 IST" name="runScenario" description="Runs Cucumber Scenarios" data-provider="scenarios" finished-at="2025-09-04T16:51:24 IST" duration-ms="65366" status="PASS">
          <params>
            <param index="0">
              <value>
                <![CDATA["Login into Capium Application"]]>
              </value>
            </param>
            <param index="1">
              <value>
                <![CDATA["Time And Fees Module"]]>
              </value>
            </param>
          </params>
          <reporter-output>
          </reporter-output>
        </test-method> <!-- runScenario -->
        <test-method is-config="true" signature="tearDownClass()[pri:0, instance:com.TimeAndFees.RunnerFiles.TimeAndFees_Login_Runner@f79e]" started-at="2025-09-04T16:51:24 IST" name="tearDownClass" finished-at="2025-09-04T16:51:25 IST" duration-ms="781" status="PASS">
          <reporter-output>
          </reporter-output>
        </test-method> <!-- tearDownClass -->
      </class> <!-- com.TimeAndFees.RunnerFiles.TimeAndFees_Login_Runner -->
    </test> <!-- Default test -->
  </suite> <!-- Default suite -->
</testng-results>
