<?xml version="1.0" encoding="UTF-8"?>
<testng-results ignored="0" total="1" passed="0" failed="1" skipped="0">
  <reporter-output>
  </reporter-output>
  <suite started-at="2025-09-01T11:27:48 IST" name="Default suite" finished-at="2025-09-01T11:28:24 IST" duration-ms="35888">
    <groups>
      <group name="cucumber">
        <method signature="AbstractTestNGCucumberTests.runScenario(io.cucumber.testng.PickleWrapper,io.cucumber.testng.FeatureWrapper)[pri:0, instance:com.TimeAndFees.RunnerFiles.TimeAndFees_Expenses_Runner@f79e]" name="runScenario" class="io.cucumber.testng.AbstractTestNGCucumberTests"/>
      </group> <!-- cucumber -->
    </groups>
    <test started-at="2025-09-01T11:27:48 IST" name="Default test" finished-at="2025-09-01T11:28:24 IST" duration-ms="35888">
      <class name="com.TimeAndFees.RunnerFiles.TimeAndFees_Expenses_Runner">
        <test-method is-config="true" signature="setUpClass(org.testng.ITestContext)[pri:0, instance:com.TimeAndFees.RunnerFiles.TimeAndFees_Expenses_Runner@f79e]" started-at="2025-09-01T11:27:48 IST" name="setUpClass" finished-at="2025-09-01T11:27:52 IST" duration-ms="3368" status="PASS">
          <params>
            <param index="0">
              <value>
                <![CDATA[org.testng.TestRunner@13516600]]>
              </value>
            </param>
          </params>
          <reporter-output>
          </reporter-output>
        </test-method> <!-- setUpClass -->
        <test-method signature="runScenario(io.cucumber.testng.PickleWrapper,io.cucumber.testng.FeatureWrapper)[pri:0, instance:com.TimeAndFees.RunnerFiles.TimeAndFees_Expenses_Runner@f79e]" started-at="2025-09-01T11:27:52 IST" name="runScenario" description="Runs Cucumber Scenarios" data-provider="scenarios" finished-at="2025-09-01T11:28:23 IST" duration-ms="31760" status="FAIL">
          <params>
            <param index="0">
              <value>
                <![CDATA["click on ADD expense tab"]]>
              </value>
            </param>
            <param index="1">
              <value>
                <![CDATA["Expenses"]]>
              </value>
            </param>
          </params>
          <exception class="java.io.FileNotFoundException">
            <message>
              <![CDATA[D:\TimeandFees_5.0\src\test\resources\invoice_data_template.xlsx (The system cannot find the path specified)]]>
            </message>
            <full-stacktrace>
              <![CDATA[java.io.FileNotFoundException: D:\TimeandFees_5.0\src\test\resources\invoice_data_template.xlsx (The system cannot find the path specified)
at java.base/java.io.FileInputStream.open0(Native Method)
at java.base/java.io.FileInputStream.open(FileInputStream.java:216)
at java.base/java.io.FileInputStream.<init>(FileInputStream.java:157)
at java.base/java.io.FileInputStream.<init>(FileInputStream.java:111)
at com.TimeAndFees.Actions.ExpensesActions.fillAddExpenseForm(ExpensesActions.java:77)
at com.TimeAndFees.Stepdefinations.ExpensesStepDef.fill_the_form_and_click_on_the_save(ExpensesStepDef.java:28)
at ✽.fill the form and click on the save(file:///D:/Core%20Modules/TimeAndFees/src/test/resources/TimeAndFees_FeatuteFiles/Expensesfeature.feature:14)
]]>
            </full-stacktrace>
          </exception> <!-- java.io.FileNotFoundException -->
          <reporter-output>
          </reporter-output>
        </test-method> <!-- runScenario -->
        <test-method is-config="true" signature="tearDownClass()[pri:0, instance:com.TimeAndFees.RunnerFiles.TimeAndFees_Expenses_Runner@f79e]" started-at="2025-09-01T11:28:23 IST" name="tearDownClass" finished-at="2025-09-01T11:28:24 IST" duration-ms="711" status="PASS">
          <reporter-output>
          </reporter-output>
        </test-method> <!-- tearDownClass -->
      </class> <!-- com.TimeAndFees.RunnerFiles.TimeAndFees_Expenses_Runner -->
    </test> <!-- Default test -->
  </suite> <!-- Default suite -->
</testng-results>
