<?xml version="1.0" encoding="UTF-8"?>
<!-- Generated by org.testng.reporters.JUnitReportReporter -->
<testsuite hostname="DESKTOP-3PKNHUN" failures="0" tests="1" name="com.TimeAndFees.RunnerFiles.TimeAndFees_Expenses_Runner" time="31.760" errors="1" timestamp="2025-09-01T11:28:24 IST" skipped="0">
  <testcase classname="com.TimeAndFees.RunnerFiles.TimeAndFees_Expenses_Runner" name="runScenario" time="31.760">
    <error message="D:\TimeandFees_5.0\src\test\resources\invoice_data_template.xlsx (The system cannot find the path specified)" type="java.io.FileNotFoundException">
      <![CDATA[java.io.FileNotFoundException: D:\TimeandFees_5.0\src\test\resources\invoice_data_template.xlsx (The system cannot find the path specified)
at java.base/java.io.FileInputStream.open0(Native Method)
at java.base/java.io.FileInputStream.open(FileInputStream.java:216)
at java.base/java.io.FileInputStream.<init>(FileInputStream.java:157)
at java.base/java.io.FileInputStream.<init>(FileInputStream.java:111)
at com.TimeAndFees.Actions.ExpensesActions.fillAddExpenseForm(ExpensesActions.java:77)
at com.TimeAndFees.Stepdefinations.ExpensesStepDef.fill_the_form_and_click_on_the_save(ExpensesStepDef.java:28)
at ✽.fill the form and click on the save(file:///D:/Core%20Modules/TimeAndFees/src/test/resources/TimeAndFees_FeatuteFiles/Expensesfeature.feature:14)
]]>
    </error>
  </testcase> <!-- runScenario -->
</testsuite> <!-- com.TimeAndFees.RunnerFiles.TimeAndFees_Expenses_Runner -->
