<?xml version="1.0" encoding="UTF-8"?>
<!-- Generated by org.testng.reporters.JUnitReportReporter -->
<testsuite hostname="DESKTOP-3PKNHUN" failures="0" tests="29" name="com.TimeAndFees.RunnerFiles.TimeAndFees_Time_Runner" time="1205.098" errors="2" timestamp="2025-09-01T08:38:45 IST" skipped="0">
  <testcase classname="com.TimeAndFees.RunnerFiles.TimeAndFees_Time_Runner" name="runScenario" time="44.355"/>
  <testcase classname="com.TimeAndFees.RunnerFiles.TimeAndFees_Time_Runner" name="runScenario" time="39.779"/>
  <testcase classname="com.TimeAndFees.RunnerFiles.TimeAndFees_Time_Runner" name="runScenario" time="30.556"/>
  <testcase classname="com.TimeAndFees.RunnerFiles.TimeAndFees_Time_Runner" name="runScenario" time="37.784">
    <error message="Expected condition failed: waiting for element to be clickable: Proxy element for: DefaultElementLocator &#039;By.xpath: //button[@type=&#039;button&#039;]//span[text()=&#039; Save &#039;]&#039; (tried for 10 second(s) with 500 milliseconds interval)" type="org.openqa.selenium.TimeoutException">
      <![CDATA[org.openqa.selenium.TimeoutException: Expected condition failed: waiting for element to be clickable: Proxy element for: DefaultElementLocator 'By.xpath: //button[@type='button']//span[text()=' Save ']' (tried for 10 second(s) with 500 milliseconds interval)
at org.openqa.selenium.support.ui.WebDriverWait.timeoutException(WebDriverWait.java:84)
at org.openqa.selenium.support.ui.FluentWait.until(FluentWait.java:228)
at com.TimeAndFees.Actions.TimeActions.click_on_the_save_grid(TimeActions.java:298)
at com.TimeAndFees.Stepdefinations.TimeStepDef.click_on_the_save_grid(TimeStepDef.java:149)
at ✽.click on the save grid(file:///D:/Core%20Modules/TimeAndFees/src/test/resources/TimeAndFees_FeatuteFiles/TimeFeature.feature:45)
Caused by: org.openqa.selenium.NoSuchElementException: no such element: Unable to locate element: {"method":"xpath","selector":"//button[@type='button']//span[text()=' Save ']"}
  (Session info: chrome=139.0.7258.154)
For documentation on this error, please visit: https://www.selenium.dev/documentation/webdriver/troubleshooting/errors#no-such-element-exception
Build info: version: '4.23.0', revision: '4df0a231af'
System info: os.name: 'Windows 11', os.arch: 'amd64', os.version: '10.0', java.version: '17.0.12'
Driver info: org.openqa.selenium.chrome.ChromeDriver
Command: [35ffaccef2cd759a1079d0b5967164e7, findElement {using=xpath, value=//button[@type='button']//span[text()=' Save ']}]
Capabilities {acceptInsecureCerts: false, browserName: chrome, browserVersion: 139.0.7258.154, chrome: {chromedriverVersion: 139.0.7258.154 (9e0d6b2b47f..., userDataDir: C:\Users\user\AppData\Local...}, fedcm:accounts: true, goog:chromeOptions: {debuggerAddress: localhost:50266}, networkConnectionEnabled: false, pageLoadStrategy: normal, platformName: windows, proxy: Proxy(), se:cdp: ws://localhost:50266/devtoo..., se:cdpVersion: 139.0.7258.154, setWindowRect: true, strictFileInteractability: false, timeouts: {implicit: 0, pageLoad: 300000, script: 30000}, unhandledPromptBehavior: dismiss and notify, webauthn:extension:credBlob: true, webauthn:extension:largeBlob: true, webauthn:extension:minPinLength: true, webauthn:extension:prf: true, webauthn:virtualAuthenticators: true}
Session ID: 35ffaccef2cd759a1079d0b5967164e7
at jdk.internal.reflect.GeneratedConstructorAccessor28.newInstance(Unknown Source)
at java.base/jdk.internal.reflect.DelegatingConstructorAccessorImpl.newInstance(DelegatingConstructorAccessorImpl.java:45)
at java.base/java.lang.reflect.Constructor.newInstanceWithCaller(Constructor.java:499)
at java.base/java.lang.reflect.Constructor.newInstance(Constructor.java:480)
at org.openqa.selenium.remote.ErrorCodec.decode(ErrorCodec.java:167)
at org.openqa.selenium.remote.codec.w3c.W3CHttpResponseCodec.decode(W3CHttpResponseCodec.java:138)
at org.openqa.selenium.remote.codec.w3c.W3CHttpResponseCodec.decode(W3CHttpResponseCodec.java:50)
at org.openqa.selenium.remote.HttpCommandExecutor.execute(HttpCommandExecutor.java:190)
at org.openqa.selenium.remote.service.DriverCommandExecutor.invokeExecute(DriverCommandExecutor.java:216)
at org.openqa.selenium.remote.service.DriverCommandExecutor.execute(DriverCommandExecutor.java:174)
at org.openqa.selenium.remote.RemoteWebDriver.execute(RemoteWebDriver.java:527)
at org.openqa.selenium.remote.ElementLocation$ElementFinder$2.findElement(ElementLocation.java:165)
at org.openqa.selenium.remote.ElementLocation.findElement(ElementLocation.java:59)
at org.openqa.selenium.remote.RemoteWebDriver.findElement(RemoteWebDriver.java:357)
at org.openqa.selenium.remote.RemoteWebDriver.findElement(RemoteWebDriver.java:351)
at org.openqa.selenium.support.pagefactory.DefaultElementLocator.findElement(DefaultElementLocator.java:68)
at org.openqa.selenium.support.pagefactory.internal.LocatingElementHandler.invoke(LocatingElementHandler.java:38)
at jdk.proxy2/jdk.proxy2.$Proxy35.isDisplayed(Unknown Source)
at org.openqa.selenium.support.ui.ExpectedConditions.elementIfVisible(ExpectedConditions.java:304)
at org.openqa.selenium.support.ui.ExpectedConditions$10.apply(ExpectedConditions.java:290)
at org.openqa.selenium.support.ui.ExpectedConditions$10.apply(ExpectedConditions.java:287)
at org.openqa.selenium.support.ui.ExpectedConditions$23.apply(ExpectedConditions.java:656)
at org.openqa.selenium.support.ui.ExpectedConditions$23.apply(ExpectedConditions.java:652)
at org.openqa.selenium.support.ui.FluentWait.until(FluentWait.java:203)
at com.TimeAndFees.Actions.TimeActions.click_on_the_save_grid(TimeActions.java:298)
at com.TimeAndFees.Stepdefinations.TimeStepDef.click_on_the_save_grid(TimeStepDef.java:149)
at java.base/jdk.internal.reflect.NativeMethodAccessorImpl.invoke0(Native Method)
at java.base/jdk.internal.reflect.NativeMethodAccessorImpl.invoke(NativeMethodAccessorImpl.java:77)
at java.base/jdk.internal.reflect.DelegatingMethodAccessorImpl.invoke(DelegatingMethodAccessorImpl.java:43)
at java.base/java.lang.reflect.Method.invoke(Method.java:568)
at io.cucumber.java.Invoker.doInvoke(Invoker.java:66)
at io.cucumber.java.Invoker.invoke(Invoker.java:24)
at io.cucumber.java.AbstractGlueDefinition.invokeMethod(AbstractGlueDefinition.java:47)
at io.cucumber.java.JavaStepDefinition.execute(JavaStepDefinition.java:29)
at io.cucumber.core.runner.CoreStepDefinition.execute(CoreStepDefinition.java:66)
at io.cucumber.core.runner.PickleStepDefinitionMatch.runStep(PickleStepDefinitionMatch.java:63)
at io.cucumber.core.runner.ExecutionMode$1.execute(ExecutionMode.java:10)
at io.cucumber.core.runner.TestStep.executeStep(TestStep.java:81)
at io.cucumber.core.runner.TestStep.run(TestStep.java:53)
at io.cucumber.core.runner.PickleStepTestStep.run(PickleStepTestStep.java:51)
at io.cucumber.core.runner.TestCase.run(TestCase.java:84)
at io.cucumber.core.runner.Runner.runPickle(Runner.java:75)
at io.cucumber.testng.TestNGCucumberRunner.lambda$runScenario$1(TestNGCucumberRunner.java:132)
at io.cucumber.core.runtime.CucumberExecutionContext.lambda$runTestCase$5(CucumberExecutionContext.java:136)
at io.cucumber.core.runtime.RethrowingThrowableCollector.executeAndThrow(RethrowingThrowableCollector.java:23)
at io.cucumber.core.runtime.CucumberExecutionContext.runTestCase(CucumberExecutionContext.java:136)
at io.cucumber.testng.TestNGCucumberRunner.runScenario(TestNGCucumberRunner.java:129)
at io.cucumber.testng.AbstractTestNGCucumberTests.runScenario(AbstractTestNGCucumberTests.java:35)
at jdk.internal.reflect.GeneratedMethodAccessor164.invoke(Unknown Source)
at java.base/jdk.internal.reflect.DelegatingMethodAccessorImpl.invoke(DelegatingMethodAccessorImpl.java:43)
at java.base/java.lang.reflect.Method.invoke(Method.java:568)
at org.testng.internal.invokers.MethodInvocationHelper.invokeMethod(MethodInvocationHelper.java:141)
at org.testng.internal.invokers.TestInvoker.invokeMethod(TestInvoker.java:686)
at org.testng.internal.invokers.TestInvoker.invokeTestMethod(TestInvoker.java:230)
at org.testng.internal.invokers.MethodRunner.runInSequence(MethodRunner.java:63)
at org.testng.internal.invokers.TestInvoker$MethodInvocationAgent.invoke(TestInvoker.java:992)
at org.testng.internal.invokers.TestInvoker.invokeTestMethods(TestInvoker.java:203)
at org.testng.internal.invokers.TestMethodWorker.invokeTestMethods(TestMethodWorker.java:154)
at org.testng.internal.invokers.TestMethodWorker.run(TestMethodWorker.java:134)
at java.base/java.util.ArrayList.forEach(ArrayList.java:1511)
at org.testng.TestRunner.privateRun(TestRunner.java:739)
at org.testng.TestRunner.run(TestRunner.java:614)
at org.testng.SuiteRunner.runTest(SuiteRunner.java:421)
at org.testng.SuiteRunner.runSequentially(SuiteRunner.java:413)
at org.testng.SuiteRunner.privateRun(SuiteRunner.java:373)
at org.testng.SuiteRunner.run(SuiteRunner.java:312)
at org.testng.SuiteRunnerWorker.runSuite(SuiteRunnerWorker.java:52)
at org.testng.SuiteRunnerWorker.run(SuiteRunnerWorker.java:95)
at org.testng.TestNG.runSuitesSequentially(TestNG.java:1274)
at org.testng.TestNG.runSuitesLocally(TestNG.java:1208)
at org.testng.TestNG.runSuites(TestNG.java:1112)
at org.testng.TestNG.run(TestNG.java:1079)
at org.testng.remote.AbstractRemoteTestNG.run(AbstractRemoteTestNG.java:115)
at org.testng.remote.RemoteTestNG.initAndRun(RemoteTestNG.java:293)
at org.testng.remote.RemoteTestNG.main(RemoteTestNG.java:91)
]]>
    </error>
  </testcase> <!-- runScenario -->
  <testcase classname="com.TimeAndFees.RunnerFiles.TimeAndFees_Time_Runner" name="runScenario" time="27.358"/>
  <testcase classname="com.TimeAndFees.RunnerFiles.TimeAndFees_Time_Runner" name="runScenario" time="83.780"/>
  <testcase classname="com.TimeAndFees.RunnerFiles.TimeAndFees_Time_Runner" name="runScenario" time="39.420"/>
  <testcase classname="com.TimeAndFees.RunnerFiles.TimeAndFees_Time_Runner" name="runScenario" time="27.694"/>
  <testcase classname="com.TimeAndFees.RunnerFiles.TimeAndFees_Time_Runner" name="runScenario" time="27.966"/>
  <testcase classname="com.TimeAndFees.RunnerFiles.TimeAndFees_Time_Runner" name="runScenario" time="31.045"/>
  <testcase classname="com.TimeAndFees.RunnerFiles.TimeAndFees_Time_Runner" name="runScenario" time="38.757"/>
  <testcase classname="com.TimeAndFees.RunnerFiles.TimeAndFees_Time_Runner" name="runScenario" time="46.053"/>
  <testcase classname="com.TimeAndFees.RunnerFiles.TimeAndFees_Time_Runner" name="runScenario" time="31.400"/>
  <testcase classname="com.TimeAndFees.RunnerFiles.TimeAndFees_Time_Runner" name="runScenario" time="39.019"/>
  <testcase classname="com.TimeAndFees.RunnerFiles.TimeAndFees_Time_Runner" name="runScenario" time="60.040"/>
  <testcase classname="com.TimeAndFees.RunnerFiles.TimeAndFees_Time_Runner" name="runScenario" time="36.222">
    <error message="element click intercepted: Element &lt;button _ngcontent-wyf-c325=&quot;&quot; type=&quot;button&quot; mat-button=&quot;&quot; disableripple=&quot;&quot; class=&quot;mat-focus-indicator action-button primary-button mr-1 mat-button mat-button-base&quot;&gt;...&lt;/button&gt; is not clickable at point (315, 494). Other element would receive the click: &lt;div _ngcontent-wyf-c30=&quot;&quot; class=&quot;ngx-spinner-overlay ng-tns-c30-0 ng-trigger ng-trigger-fadeIn ng-star-inserted&quot; style=&quot;background-color: rgba(51, 51, 51, 0.8); z-index: 99999; position: fixed; opacity: 1;&quot;&gt;...&lt;/div&gt;
  (Session info: chrome=139.0.7258.154)
Build info: version: &#039;4.23.0&#039;, revision: &#039;4df0a231af&#039;
System info: os.name: &#039;Windows 11&#039;, os.arch: &#039;amd64&#039;, os.version: &#039;10.0&#039;, java.version: &#039;17.0.12&#039;
Driver info: org.openqa.selenium.chrome.ChromeDriver
Command: [35ffaccef2cd759a1079d0b5967164e7, clickElement {id=f.EE54EE29AA0C8FFA75FB319FD806EE9A.d.389F3420F24B168569E156762D91886A.e.247}]
Capabilities {acceptInsecureCerts: false, browserName: chrome, browserVersion: 139.0.7258.154, chrome: {chromedriverVersion: 139.0.7258.154 (9e0d6b2b47f..., userDataDir: C:\Users\user\AppData\Local...}, fedcm:accounts: true, goog:chromeOptions: {debuggerAddress: localhost:50266}, networkConnectionEnabled: false, pageLoadStrategy: normal, platformName: windows, proxy: Proxy(), se:cdp: ws://localhost:50266/devtoo..., se:cdpVersion: 139.0.7258.154, setWindowRect: true, strictFileInteractability: false, timeouts: {implicit: 0, pageLoad: 300000, script: 30000}, unhandledPromptBehavior: dismiss and notify, webauthn:extension:credBlob: true, webauthn:extension:largeBlob: true, webauthn:extension:minPinLength: true, webauthn:extension:prf: true, webauthn:virtualAuthenticators: true}
Element: [[ChromeDriver: chrome on windows (35ffaccef2cd759a1079d0b5967164e7)] -&gt; xpath: //button[@type=&#039;button&#039; and @class=&#039;mat-focus-indicator action-button primary-button mr-1 mat-button mat-button-base&#039;]]
Session ID: 35ffaccef2cd759a1079d0b5967164e7" type="org.openqa.selenium.ElementClickInterceptedException">
      <![CDATA[org.openqa.selenium.ElementClickInterceptedException: element click intercepted: Element <button _ngcontent-wyf-c325="" type="button" mat-button="" disableripple="" class="mat-focus-indicator action-button primary-button mr-1 mat-button mat-button-base">...</button> is not clickable at point (315, 494). Other element would receive the click: <div _ngcontent-wyf-c30="" class="ngx-spinner-overlay ng-tns-c30-0 ng-trigger ng-trigger-fadeIn ng-star-inserted" style="background-color: rgba(51, 51, 51, 0.8); z-index: 99999; position: fixed; opacity: 1;">...</div>
  (Session info: chrome=139.0.7258.154)
Build info: version: '4.23.0', revision: '4df0a231af'
System info: os.name: 'Windows 11', os.arch: 'amd64', os.version: '10.0', java.version: '17.0.12'
Driver info: org.openqa.selenium.chrome.ChromeDriver
Command: [35ffaccef2cd759a1079d0b5967164e7, clickElement {id=f.EE54EE29AA0C8FFA75FB319FD806EE9A.d.389F3420F24B168569E156762D91886A.e.247}]
Capabilities {acceptInsecureCerts: false, browserName: chrome, browserVersion: 139.0.7258.154, chrome: {chromedriverVersion: 139.0.7258.154 (9e0d6b2b47f..., userDataDir: C:\Users\user\AppData\Local...}, fedcm:accounts: true, goog:chromeOptions: {debuggerAddress: localhost:50266}, networkConnectionEnabled: false, pageLoadStrategy: normal, platformName: windows, proxy: Proxy(), se:cdp: ws://localhost:50266/devtoo..., se:cdpVersion: 139.0.7258.154, setWindowRect: true, strictFileInteractability: false, timeouts: {implicit: 0, pageLoad: 300000, script: 30000}, unhandledPromptBehavior: dismiss and notify, webauthn:extension:credBlob: true, webauthn:extension:largeBlob: true, webauthn:extension:minPinLength: true, webauthn:extension:prf: true, webauthn:virtualAuthenticators: true}
Element: [[ChromeDriver: chrome on windows (35ffaccef2cd759a1079d0b5967164e7)] -> xpath: //button[@type='button' and @class='mat-focus-indicator action-button primary-button mr-1 mat-button mat-button-base']]
Session ID: 35ffaccef2cd759a1079d0b5967164e7
at jdk.internal.reflect.GeneratedConstructorAccessor29.newInstance(Unknown Source)
at java.base/jdk.internal.reflect.DelegatingConstructorAccessorImpl.newInstance(DelegatingConstructorAccessorImpl.java:45)
at java.base/java.lang.reflect.Constructor.newInstanceWithCaller(Constructor.java:499)
at java.base/java.lang.reflect.Constructor.newInstance(Constructor.java:480)
at org.openqa.selenium.remote.ErrorCodec.decode(ErrorCodec.java:167)
at org.openqa.selenium.remote.codec.w3c.W3CHttpResponseCodec.decode(W3CHttpResponseCodec.java:138)
at org.openqa.selenium.remote.codec.w3c.W3CHttpResponseCodec.decode(W3CHttpResponseCodec.java:50)
at org.openqa.selenium.remote.HttpCommandExecutor.execute(HttpCommandExecutor.java:190)
at org.openqa.selenium.remote.service.DriverCommandExecutor.invokeExecute(DriverCommandExecutor.java:216)
at org.openqa.selenium.remote.service.DriverCommandExecutor.execute(DriverCommandExecutor.java:174)
at org.openqa.selenium.remote.RemoteWebDriver.execute(RemoteWebDriver.java:527)
at org.openqa.selenium.remote.RemoteWebElement.execute(RemoteWebElement.java:223)
at org.openqa.selenium.remote.RemoteWebElement.click(RemoteWebElement.java:76)
at jdk.internal.reflect.GeneratedMethodAccessor60.invoke(Unknown Source)
at java.base/jdk.internal.reflect.DelegatingMethodAccessorImpl.invoke(DelegatingMethodAccessorImpl.java:43)
at java.base/java.lang.reflect.Method.invoke(Method.java:568)
at org.openqa.selenium.support.pagefactory.internal.LocatingElementHandler.invoke(LocatingElementHandler.java:51)
at jdk.proxy2/jdk.proxy2.$Proxy35.click(Unknown Source)
at com.TimeAndFees.Actions.TimeActions.click_on_the_save(TimeActions.java:123)
at com.TimeAndFees.Stepdefinations.TimeStepDef.click_on_the_save(TimeStepDef.java:58)
at ✽.click on the save(file:///D:/Core%20Modules/TimeAndFees/src/test/resources/TimeAndFees_FeatuteFiles/TimeFeature.feature:15)
]]>
    </error>
  </testcase> <!-- runScenario -->
  <testcase classname="com.TimeAndFees.RunnerFiles.TimeAndFees_Time_Runner" name="runScenario" time="61.923"/>
  <testcase classname="com.TimeAndFees.RunnerFiles.TimeAndFees_Time_Runner" name="runScenario" time="48.700"/>
  <testcase classname="com.TimeAndFees.RunnerFiles.TimeAndFees_Time_Runner" name="runScenario" time="31.781"/>
  <testcase classname="com.TimeAndFees.RunnerFiles.TimeAndFees_Time_Runner" name="runScenario" time="31.825"/>
  <testcase classname="com.TimeAndFees.RunnerFiles.TimeAndFees_Time_Runner" name="runScenario" time="40.088"/>
  <testcase classname="com.TimeAndFees.RunnerFiles.TimeAndFees_Time_Runner" name="runScenario" time="38.259"/>
  <testcase classname="com.TimeAndFees.RunnerFiles.TimeAndFees_Time_Runner" name="runScenario" time="44.344"/>
  <testcase classname="com.TimeAndFees.RunnerFiles.TimeAndFees_Time_Runner" name="runScenario" time="40.609"/>
  <testcase classname="com.TimeAndFees.RunnerFiles.TimeAndFees_Time_Runner" name="runScenario" time="34.891"/>
  <testcase classname="com.TimeAndFees.RunnerFiles.TimeAndFees_Time_Runner" name="runScenario" time="19.407"/>
  <testcase classname="com.TimeAndFees.RunnerFiles.TimeAndFees_Time_Runner" name="runScenario" time="59.780"/>
  <testcase classname="com.TimeAndFees.RunnerFiles.TimeAndFees_Time_Runner" name="runScenario" time="41.396"/>
  <testcase classname="com.TimeAndFees.RunnerFiles.TimeAndFees_Time_Runner" name="runScenario" time="70.867"/>
</testsuite> <!-- com.TimeAndFees.RunnerFiles.TimeAndFees_Time_Runner -->
